<?xml version="1.0" encoding="UTF-8"?>
<!-- Generated by org.testng.reporters.JUnitXMLReporter -->
<testsuite hostname="DESKTOP-IN2QM7H" ignored="0" name="Default test" tests="4" failures="0" timestamp="2021-03-25T23:15:05 IST" time="16.565" errors="0">
  <testcase name="b_method" time="2.915" classname="com.orangehrm.test.Priority"/>
  <testcase name="a_method" time="10.942" classname="com.orangehrm.test.Priority"/>
  <testcase name="c_method" time="2.641" classname="com.orangehrm.test.Priority"/>
  <testcase name="d_method" time="0.01" classname="com.orangehrm.test.Priority"/>
</testsuite> <!-- Default test -->
