<?xml version="1.0" encoding="UTF-8"?>
<testng-results skipped="0" failed="0" ignored="0" total="4" passed="4">
  <reporter-output>
    <line>
      <![CDATA[Facebook - Google Search]]>
    </line>
  </reporter-output>
  <suite name="Default suite" duration-ms="16565" started-at="2021-03-25T23:14:48 IST" finished-at="2021-03-25T23:15:05 IST">
    <groups>
    </groups>
    <test name="Default test" duration-ms="16565" started-at="2021-03-25T23:14:48 IST" finished-at="2021-03-25T23:15:05 IST">
      <class name="com.orangehrm.test.Priority">
        <test-method status="PASS" signature="b_method()[pri:1, instance:com.orangehrm.test.Priority@64485a47]" name="b_method" duration-ms="2915" started-at="2021-03-25T23:14:48 IST" finished-at="2021-03-25T23:14:51 IST">
          <reporter-output>
          </reporter-output>
        </test-method> <!-- b_method -->
        <test-method status="PASS" signature="a_method()[pri:2, instance:com.orangehrm.test.Priority@64485a47]" name="a_method" duration-ms="10942" started-at="2021-03-25T23:14:51 IST" finished-at="2021-03-25T23:15:02 IST">
          <reporter-output>
          </reporter-output>
        </test-method> <!-- a_method -->
        <test-method status="PASS" signature="c_method()[pri:3, instance:com.orangehrm.test.Priority@64485a47]" name="c_method" duration-ms="2641" started-at="2021-03-25T23:15:02 IST" finished-at="2021-03-25T23:15:05 IST">
          <reporter-output>
          </reporter-output>
        </test-method> <!-- c_method -->
        <test-method status="PASS" signature="d_method()[pri:4, instance:com.orangehrm.test.Priority@64485a47]" name="d_method" duration-ms="10" started-at="2021-03-25T23:15:05 IST" finished-at="2021-03-25T23:15:05 IST">
          <reporter-output>
            <line>
              <![CDATA[Facebook - Google Search]]>
            </line>
          </reporter-output>
        </test-method> <!-- d_method -->
      </class> <!-- com.orangehrm.test.Priority -->
    </test> <!-- Default test -->
  </suite> <!-- Default suite -->
</testng-results>
